{"contracts/Ballot.sol":{"l":{"33":24,"38":24,"39":24,"40":24,"45":48,"46":40,"48":36,"49":36,"51":36,"52":36,"59":224,"60":220,"61":210,"62":11,"70":7,"71":5,"84":64,"85":62,"86":62,"88":60,"90":60,"91":59,"92":59,"93":59,"96":1,"97":1,"98":1,"101":60,"102":60,"111":24,"112":20,"113":20,"114":20,"122":9,"124":8,"125":8,"127":8,"130":8,"131":8,"133":8,"134":17,"135":9,"140":8,"141":8,"142":8,"143":8,"144":9,"146":8,"148":8,"155":9,"156":9,"157":29,"160":9,"167":1,"179":6,"180":4,"192":1,"193":1,"194":1,"206":2,"207":1,"214":1,"221":5,"228":2,"235":2},"path":"/Users/bindernauta/Blockchain/utils/rankanizer-contracts/packages/contracts/contracts/Ballot.sol","s":{"1":24,"2":24,"3":24,"4":24,"5":48,"6":40,"7":36,"8":36,"9":36,"10":36,"11":224,"12":210,"13":11,"14":7,"15":64,"16":62,"17":62,"18":60,"19":60,"20":59,"21":60,"22":60,"23":24,"24":20,"25":20,"26":20,"27":9,"28":1,"29":8,"30":8,"31":8,"32":8,"33":8,"34":8,"35":17,"36":9,"37":8,"38":8,"39":8,"40":8,"41":9,"42":8,"43":8,"44":9,"45":9,"46":29,"47":9,"48":1,"49":6,"50":4,"51":1,"52":1,"53":1,"54":2,"55":1,"56":1,"57":5,"58":2,"59":2},"b":{"1":[40,8],"2":[36,4],"3":[220,4],"4":[11,199],"5":[5,2],"6":[62,2],"7":[60,2],"8":[59,1],"9":[20,4],"10":[1,8],"11":[9,8],"12":[4,2],"13":[1,0],"14":[1,0],"15":[1,1]},"f":{"1":24,"2":24,"3":48,"4":224,"5":7,"6":64,"7":24,"8":9,"9":9,"10":1,"11":6,"12":1,"13":2,"14":1,"15":5,"16":2,"17":2},"fnMap":{"1":{"name":"initialize","line":32,"loc":{"start":{"line":32,"column":4},"end":{"line":34,"column":4}}},"2":{"name":"__Ballot_init","line":37,"loc":{"start":{"line":37,"column":4},"end":{"line":41,"column":4}}},"3":{"name":"__Ballot_init_unchained","line":44,"loc":{"start":{"line":44,"column":4},"end":{"line":53,"column":4}}},"4":{"name":"didNotExpire","line":58,"loc":{"start":{"line":58,"column":4},"end":{"line":64,"column":4}}},"5":{"name":"didExpire","line":69,"loc":{"start":{"line":69,"column":4},"end":{"line":72,"column":4}}},"6":{"name":"vote","line":83,"loc":{"start":{"line":83,"column":4},"end":{"line":103,"column":4}}},"7":{"name":"closePoll","line":110,"loc":{"start":{"line":110,"column":4},"end":{"line":115,"column":4}}},"8":{"name":"_calculateWinners","line":121,"loc":{"start":{"line":121,"column":4},"end":{"line":149,"column":4}}},"9":{"name":"_numberOfVotes","line":154,"loc":{"start":{"line":154,"column":4},"end":{"line":161,"column":4}}},"10":{"name":"candidatesList","line":166,"loc":{"start":{"line":166,"column":4},"end":{"line":168,"column":4}}},"11":{"name":"votesOf","line":178,"loc":{"start":{"line":178,"column":4},"end":{"line":181,"column":4}}},"12":{"name":"voteOf","line":191,"loc":{"start":{"line":191,"column":4},"end":{"line":195,"column":4}}},"13":{"name":"didVote","line":205,"loc":{"start":{"line":205,"column":4},"end":{"line":208,"column":4}}},"14":{"name":"votes","line":213,"loc":{"start":{"line":213,"column":4},"end":{"line":215,"column":4}}},"15":{"name":"winners","line":220,"loc":{"start":{"line":220,"column":4},"end":{"line":222,"column":4}}},"16":{"name":"expire","line":227,"loc":{"start":{"line":227,"column":4},"end":{"line":229,"column":4}}},"17":{"name":"finished","line":234,"loc":{"start":{"line":234,"column":4},"end":{"line":236,"column":4}}}},"statementMap":{"1":{"start":{"line":33,"column":8},"end":{"line":33,"column":45}},"2":{"start":{"line":38,"column":8},"end":{"line":38,"column":33}},"3":{"start":{"line":39,"column":8},"end":{"line":39,"column":33}},"4":{"start":{"line":40,"column":8},"end":{"line":40,"column":55}},"5":{"start":{"line":45,"column":8},"end":{"line":45,"column":97}},"6":{"start":{"line":46,"column":8},"end":{"line":46,"column":85}},"7":{"start":{"line":48,"column":8},"end":{"line":48,"column":31}},"8":{"start":{"line":49,"column":8},"end":{"line":49,"column":43}},"9":{"start":{"line":51,"column":8},"end":{"line":51,"column":49}},"10":{"start":{"line":52,"column":8},"end":{"line":52,"column":24}},"11":{"start":{"line":59,"column":8},"end":{"line":59,"column":85}},"12":{"start":{"line":61,"column":8},"end":{"line":61,"column":2090}},"13":{"start":{"line":62,"column":12},"end":{"line":62,"column":22}},"14":{"start":{"line":70,"column":8},"end":{"line":70,"column":71}},"15":{"start":{"line":84,"column":8},"end":{"line":84,"column":77}},"16":{"start":{"line":85,"column":8},"end":{"line":85,"column":43}},"17":{"start":{"line":86,"column":8},"end":{"line":86,"column":79}},"18":{"start":{"line":88,"column":8},"end":{"line":88,"column":82}},"19":{"start":{"line":90,"column":8},"end":{"line":90,"column":2923}},"20":{"start":{"line":93,"column":16},"end":{"line":93,"column":33}},"21":{"start":{"line":101,"column":8},"end":{"line":101,"column":36}},"22":{"start":{"line":102,"column":8},"end":{"line":102,"column":58}},"23":{"start":{"line":111,"column":8},"end":{"line":111,"column":57}},"24":{"start":{"line":112,"column":8},"end":{"line":112,"column":23}},"25":{"start":{"line":113,"column":8},"end":{"line":113,"column":26}},"26":{"start":{"line":114,"column":8},"end":{"line":114,"column":33}},"27":{"start":{"line":122,"column":8},"end":{"line":122,"column":47}},"28":{"start":{"line":122,"column":35},"end":{"line":122,"column":47}},"29":{"start":{"line":124,"column":8},"end":{"line":124,"column":59}},"30":{"start":{"line":125,"column":8},"end":{"line":125,"column":37}},"31":{"start":{"line":127,"column":8},"end":{"line":127,"column":44}},"32":{"start":{"line":130,"column":8},"end":{"line":130,"column":65}},"33":{"start":{"line":131,"column":8},"end":{"line":131,"column":24}},"34":{"start":{"line":133,"column":8},"end":{"line":133,"column":4148}},"35":{"start":{"line":134,"column":12},"end":{"line":134,"column":4219}},"36":{"start":{"line":135,"column":16},"end":{"line":135,"column":36}},"37":{"start":{"line":140,"column":8},"end":{"line":140,"column":26}},"38":{"start":{"line":141,"column":8},"end":{"line":141,"column":22}},"39":{"start":{"line":142,"column":8},"end":{"line":142,"column":45}},"40":{"start":{"line":143,"column":8},"end":{"line":143,"column":4463}},"41":{"start":{"line":144,"column":12},"end":{"line":144,"column":40}},"42":{"start":{"line":146,"column":8},"end":{"line":146,"column":27}},"43":{"start":{"line":148,"column":8},"end":{"line":148,"column":19}},"44":{"start":{"line":155,"column":8},"end":{"line":155,"column":23}},"45":{"start":{"line":156,"column":8},"end":{"line":156,"column":4787}},"46":{"start":{"line":157,"column":12},"end":{"line":157,"column":27}},"47":{"start":{"line":160,"column":8},"end":{"line":160,"column":18}},"48":{"start":{"line":167,"column":8},"end":{"line":167,"column":26}},"49":{"start":{"line":179,"column":8},"end":{"line":179,"column":79}},"50":{"start":{"line":180,"column":8},"end":{"line":180,"column":37}},"51":{"start":{"line":192,"column":8},"end":{"line":192,"column":81}},"52":{"start":{"line":193,"column":8},"end":{"line":193,"column":84}},"53":{"start":{"line":194,"column":8},"end":{"line":194,"column":59}},"54":{"start":{"line":206,"column":8},"end":{"line":206,"column":81}},"55":{"start":{"line":207,"column":8},"end":{"line":207,"column":60}},"56":{"start":{"line":214,"column":8},"end":{"line":214,"column":21}},"57":{"start":{"line":221,"column":8},"end":{"line":221,"column":23}},"58":{"start":{"line":228,"column":8},"end":{"line":228,"column":22}},"59":{"start":{"line":235,"column":8},"end":{"line":235,"column":24}}},"branchMap":{"1":{"line":45,"type":"if","locations":[{"start":{"line":45,"column":8},"end":{"line":45,"column":8}},{"start":{"line":45,"column":8},"end":{"line":45,"column":8}}]},"2":{"line":46,"type":"if","locations":[{"start":{"line":46,"column":8},"end":{"line":46,"column":8}},{"start":{"line":46,"column":8},"end":{"line":46,"column":8}}]},"3":{"line":59,"type":"if","locations":[{"start":{"line":59,"column":8},"end":{"line":59,"column":8}},{"start":{"line":59,"column":8},"end":{"line":59,"column":8}}]},"4":{"line":61,"type":"if","locations":[{"start":{"line":61,"column":8},"end":{"line":61,"column":8}},{"start":{"line":61,"column":8},"end":{"line":61,"column":8}}]},"5":{"line":70,"type":"if","locations":[{"start":{"line":70,"column":8},"end":{"line":70,"column":8}},{"start":{"line":70,"column":8},"end":{"line":70,"column":8}}]},"6":{"line":84,"type":"if","locations":[{"start":{"line":84,"column":8},"end":{"line":84,"column":8}},{"start":{"line":84,"column":8},"end":{"line":84,"column":8}}]},"7":{"line":86,"type":"if","locations":[{"start":{"line":86,"column":8},"end":{"line":86,"column":8}},{"start":{"line":86,"column":8},"end":{"line":86,"column":8}}]},"8":{"line":90,"type":"if","locations":[{"start":{"line":90,"column":8},"end":{"line":90,"column":8}},{"start":{"line":90,"column":8},"end":{"line":90,"column":8}}]},"9":{"line":111,"type":"if","locations":[{"start":{"line":111,"column":8},"end":{"line":111,"column":8}},{"start":{"line":111,"column":8},"end":{"line":111,"column":8}}]},"10":{"line":122,"type":"if","locations":[{"start":{"line":122,"column":8},"end":{"line":122,"column":8}},{"start":{"line":122,"column":8},"end":{"line":122,"column":8}}]},"11":{"line":134,"type":"if","locations":[{"start":{"line":134,"column":12},"end":{"line":134,"column":12}},{"start":{"line":134,"column":12},"end":{"line":134,"column":12}}]},"12":{"line":179,"type":"if","locations":[{"start":{"line":179,"column":8},"end":{"line":179,"column":8}},{"start":{"line":179,"column":8},"end":{"line":179,"column":8}}]},"13":{"line":192,"type":"if","locations":[{"start":{"line":192,"column":8},"end":{"line":192,"column":8}},{"start":{"line":192,"column":8},"end":{"line":192,"column":8}}]},"14":{"line":193,"type":"if","locations":[{"start":{"line":193,"column":8},"end":{"line":193,"column":8}},{"start":{"line":193,"column":8},"end":{"line":193,"column":8}}]},"15":{"line":206,"type":"if","locations":[{"start":{"line":206,"column":8},"end":{"line":206,"column":8}},{"start":{"line":206,"column":8},"end":{"line":206,"column":8}}]}}},"contracts/CondorcetVoting.sol":{"l":{"23":19,"28":19,"29":19,"30":19,"31":13,"36":18,"38":18,"40":18,"41":18,"42":60,"50":151,"51":151,"52":642,"53":2832,"54":2190,"55":1095,"76":156,"77":152,"78":641,"81":150,"83":150,"84":1,"86":149,"89":150,"90":150,"97":11,"100":11,"101":11,"103":11,"104":35,"105":35,"106":133,"107":98,"108":44,"112":35,"113":5,"114":5,"118":11,"119":5,"120":5,"121":5,"122":5,"124":5,"127":11},"path":"/Users/bindernauta/Blockchain/utils/rankanizer-contracts/packages/contracts/contracts/CondorcetVoting.sol","s":{"1":19,"2":19,"3":19,"4":19,"5":13,"6":18,"7":18,"8":18,"9":18,"10":60,"11":151,"12":642,"13":2832,"14":2190,"15":1095,"16":1092,"17":3,"18":156,"19":152,"20":641,"21":150,"22":150,"23":1,"24":149,"25":150,"26":150,"27":11,"28":11,"29":11,"30":11,"31":35,"32":35,"33":133,"34":98,"35":35,"36":5,"37":11,"38":5,"39":5,"40":5,"41":5,"42":5,"43":11},"b":{"1":[18,0],"2":[2190,642],"3":[1095,1095],"4":[1092,3],"5":[152,4],"6":[639,2],"7":[1,149],"8":[98,35],"9":[44,54],"10":[5,30],"11":[5,6]},"f":{"1":19,"2":19,"3":18,"4":151,"5":156,"6":11},"fnMap":{"1":{"name":"initialize","line":22,"loc":{"start":{"line":22,"column":4},"end":{"line":24,"column":4}}},"2":{"name":"__CondorcetVoting_init","line":27,"loc":{"start":{"line":27,"column":4},"end":{"line":32,"column":4}}},"3":{"name":"__CondorcetVoting_init_unchained","line":35,"loc":{"start":{"line":35,"column":4},"end":{"line":44,"column":4}}},"4":{"name":"_updateVotes","line":49,"loc":{"start":{"line":49,"column":4},"end":{"line":62,"column":4}}},"5":{"name":"vote","line":75,"loc":{"start":{"line":75,"column":4},"end":{"line":91,"column":4}}},"6":{"name":"_calculateWinners","line":96,"loc":{"start":{"line":96,"column":4},"end":{"line":128,"column":4}}}},"statementMap":{"1":{"start":{"line":23,"column":8},"end":{"line":23,"column":54}},"2":{"start":{"line":28,"column":8},"end":{"line":28,"column":33}},"3":{"start":{"line":29,"column":8},"end":{"line":29,"column":33}},"4":{"start":{"line":30,"column":8},"end":{"line":30,"column":55}},"5":{"start":{"line":31,"column":8},"end":{"line":31,"column":51}},"6":{"start":{"line":36,"column":8},"end":{"line":36,"column":97}},"7":{"start":{"line":38,"column":8},"end":{"line":38,"column":38}},"8":{"start":{"line":40,"column":8},"end":{"line":40,"column":33}},"9":{"start":{"line":41,"column":8},"end":{"line":41,"column":1556}},"10":{"start":{"line":42,"column":12},"end":{"line":42,"column":38}},"11":{"start":{"line":51,"column":12},"end":{"line":51,"column":1882}},"12":{"start":{"line":52,"column":16},"end":{"line":52,"column":1947}},"13":{"start":{"line":53,"column":20},"end":{"line":53,"column":2016}},"14":{"start":{"line":54,"column":24},"end":{"line":54,"column":2058}},"15":{"start":{"line":55,"column":28},"end":{"line":55,"column":2138}},"16":{"start":{"line":55,"column":37},"end":{"line":55,"column":52}},"17":{"start":{"line":56,"column":33},"end":{"line":56,"column":48}},"18":{"start":{"line":76,"column":8},"end":{"line":76,"column":101}},"19":{"start":{"line":77,"column":8},"end":{"line":77,"column":3015}},"20":{"start":{"line":78,"column":12},"end":{"line":78,"column":83}},"21":{"start":{"line":81,"column":8},"end":{"line":81,"column":83}},"22":{"start":{"line":83,"column":8},"end":{"line":83,"column":3257}},"23":{"start":{"line":84,"column":12},"end":{"line":84,"column":43}},"24":{"start":{"line":86,"column":12},"end":{"line":86,"column":30}},"25":{"start":{"line":89,"column":8},"end":{"line":89,"column":38}},"26":{"start":{"line":90,"column":8},"end":{"line":90,"column":32}},"27":{"start":{"line":97,"column":8},"end":{"line":97,"column":26}},"28":{"start":{"line":100,"column":8},"end":{"line":100,"column":65}},"29":{"start":{"line":101,"column":8},"end":{"line":101,"column":24}},"30":{"start":{"line":103,"column":8},"end":{"line":103,"column":3860}},"31":{"start":{"line":104,"column":12},"end":{"line":104,"column":33}},"32":{"start":{"line":105,"column":12},"end":{"line":105,"column":3956}},"33":{"start":{"line":106,"column":16},"end":{"line":106,"column":4021}},"34":{"start":{"line":107,"column":20},"end":{"line":107,"column":4059}},"35":{"start":{"line":112,"column":12},"end":{"line":112,"column":4187}},"36":{"start":{"line":113,"column":16},"end":{"line":113,"column":31}},"37":{"start":{"line":118,"column":8},"end":{"line":118,"column":4310}},"38":{"start":{"line":119,"column":12},"end":{"line":119,"column":26}},"39":{"start":{"line":120,"column":12},"end":{"line":120,"column":49}},"40":{"start":{"line":121,"column":12},"end":{"line":121,"column":4423}},"41":{"start":{"line":122,"column":16},"end":{"line":122,"column":44}},"42":{"start":{"line":124,"column":12},"end":{"line":124,"column":31}},"43":{"start":{"line":127,"column":8},"end":{"line":127,"column":36}}},"branchMap":{"1":{"line":36,"type":"if","locations":[{"start":{"line":36,"column":8},"end":{"line":36,"column":8}},{"start":{"line":36,"column":8},"end":{"line":36,"column":8}}]},"2":{"line":53,"type":"if","locations":[{"start":{"line":53,"column":20},"end":{"line":53,"column":20}},{"start":{"line":53,"column":20},"end":{"line":53,"column":20}}]},"3":{"line":54,"type":"if","locations":[{"start":{"line":54,"column":24},"end":{"line":54,"column":24}},{"start":{"line":54,"column":24},"end":{"line":54,"column":24}}]},"4":{"line":55,"type":"if","locations":[{"start":{"line":55,"column":28},"end":{"line":55,"column":28}},{"start":{"line":55,"column":28},"end":{"line":55,"column":28}}]},"5":{"line":76,"type":"if","locations":[{"start":{"line":76,"column":8},"end":{"line":76,"column":8}},{"start":{"line":76,"column":8},"end":{"line":76,"column":8}}]},"6":{"line":78,"type":"if","locations":[{"start":{"line":78,"column":12},"end":{"line":78,"column":12}},{"start":{"line":78,"column":12},"end":{"line":78,"column":12}}]},"7":{"line":83,"type":"if","locations":[{"start":{"line":83,"column":8},"end":{"line":83,"column":8}},{"start":{"line":83,"column":8},"end":{"line":83,"column":8}}]},"8":{"line":106,"type":"if","locations":[{"start":{"line":106,"column":16},"end":{"line":106,"column":16}},{"start":{"line":106,"column":16},"end":{"line":106,"column":16}}]},"9":{"line":107,"type":"if","locations":[{"start":{"line":107,"column":20},"end":{"line":107,"column":20}},{"start":{"line":107,"column":20},"end":{"line":107,"column":20}}]},"10":{"line":112,"type":"if","locations":[{"start":{"line":112,"column":12},"end":{"line":112,"column":12}},{"start":{"line":112,"column":12},"end":{"line":112,"column":12}}]},"11":{"line":118,"type":"if","locations":[{"start":{"line":118,"column":8},"end":{"line":118,"column":8}},{"start":{"line":118,"column":8},"end":{"line":118,"column":8}}]}}},"contracts/SchulzeVoting.sol":{"l":{"16":5,"21":5,"22":5,"23":5,"24":5,"31":5,"32":4,"34":1,"42":4,"45":4,"47":4,"48":18,"53":4,"54":18,"55":82,"56":64,"57":32,"64":4,"65":18,"66":82,"67":64,"68":296,"69":168,"77":4,"78":4,"79":18,"80":82,"81":28,"86":4,"88":4,"103":4,"104":4,"106":4,"109":4,"110":4,"112":4,"114":4,"115":4,"116":4,"118":4,"119":5,"120":5,"121":4,"123":1,"127":4,"128":4,"129":5,"131":4,"132":4},"path":"/Users/bindernauta/Blockchain/utils/rankanizer-contracts/packages/contracts/contracts/SchulzeVoting.sol","s":{"1":5,"2":5,"3":5,"4":5,"5":5,"6":5,"7":4,"8":1,"9":4,"10":4,"11":4,"12":18,"13":4,"14":18,"15":82,"16":64,"17":32,"18":4,"19":18,"20":82,"21":64,"22":296,"23":168,"24":4,"25":4,"26":18,"27":82,"28":4,"29":4,"30":4,"31":4,"32":4,"33":4,"34":4,"35":4,"36":4,"37":4,"38":4,"39":4,"40":5,"41":1,"42":4,"43":4,"44":5,"45":4,"46":4},"b":{"1":[4,1],"2":[64,18],"3":[32,32],"4":[64,18],"5":[168,128],"6":[28,54],"7":[4,1]},"f":{"1":5,"2":5,"3":5,"4":4,"5":4},"fnMap":{"1":{"name":"initialize","line":15,"loc":{"start":{"line":15,"column":4},"end":{"line":17,"column":4}}},"2":{"name":"__SchulzeVoting_init","line":20,"loc":{"start":{"line":20,"column":4},"end":{"line":25,"column":4}}},"3":{"name":"_calculateWinners","line":30,"loc":{"start":{"line":30,"column":4},"end":{"line":36,"column":4}}},"4":{"name":"_runSchulzeVoting","line":41,"loc":{"start":{"line":41,"column":4},"end":{"line":89,"column":4}}},"5":{"name":"ranksToGroups","line":100,"loc":{"start":{"line":100,"column":4},"end":{"line":133,"column":4}}}},"statementMap":{"1":{"start":{"line":16,"column":8},"end":{"line":16,"column":52}},"2":{"start":{"line":21,"column":8},"end":{"line":21,"column":33}},"3":{"start":{"line":22,"column":8},"end":{"line":22,"column":33}},"4":{"start":{"line":23,"column":8},"end":{"line":23,"column":55}},"5":{"start":{"line":24,"column":8},"end":{"line":24,"column":51}},"6":{"start":{"line":31,"column":8},"end":{"line":31,"column":1134}},"7":{"start":{"line":32,"column":12},"end":{"line":32,"column":38}},"8":{"start":{"line":34,"column":12},"end":{"line":34,"column":23}},"9":{"start":{"line":42,"column":8},"end":{"line":42,"column":32}},"10":{"start":{"line":45,"column":8},"end":{"line":45,"column":52}},"11":{"start":{"line":47,"column":8},"end":{"line":47,"column":1559}},"12":{"start":{"line":48,"column":12},"end":{"line":48,"column":37}},"13":{"start":{"line":53,"column":8},"end":{"line":53,"column":1752}},"14":{"start":{"line":54,"column":12},"end":{"line":54,"column":1802}},"15":{"start":{"line":55,"column":16},"end":{"line":55,"column":1856}},"16":{"start":{"line":56,"column":20},"end":{"line":56,"column":1894}},"17":{"start":{"line":57,"column":24},"end":{"line":57,"column":47}},"18":{"start":{"line":64,"column":8},"end":{"line":64,"column":2073}},"19":{"start":{"line":65,"column":12},"end":{"line":65,"column":2123}},"20":{"start":{"line":66,"column":16},"end":{"line":66,"column":2177}},"21":{"start":{"line":67,"column":20},"end":{"line":67,"column":2215}},"22":{"start":{"line":68,"column":24},"end":{"line":68,"column":2277}},"23":{"start":{"line":69,"column":28},"end":{"line":69,"column":116}},"24":{"start":{"line":77,"column":8},"end":{"line":77,"column":48}},"25":{"start":{"line":78,"column":8},"end":{"line":78,"column":2612}},"26":{"start":{"line":79,"column":12},"end":{"line":79,"column":2662}},"27":{"start":{"line":80,"column":16},"end":{"line":80,"column":2716}},"28":{"start":{"line":86,"column":8},"end":{"line":86,"column":26}},"29":{"start":{"line":88,"column":8},"end":{"line":88,"column":19}},"30":{"start":{"line":103,"column":8},"end":{"line":103,"column":32}},"31":{"start":{"line":104,"column":8},"end":{"line":104,"column":50}},"32":{"start":{"line":106,"column":8},"end":{"line":106,"column":26}},"33":{"start":{"line":109,"column":8},"end":{"line":109,"column":65}},"34":{"start":{"line":110,"column":8},"end":{"line":110,"column":24}},"35":{"start":{"line":112,"column":8},"end":{"line":112,"column":39}},"36":{"start":{"line":114,"column":8},"end":{"line":114,"column":25}},"37":{"start":{"line":115,"column":8},"end":{"line":115,"column":26}},"38":{"start":{"line":116,"column":8},"end":{"line":116,"column":31}},"39":{"start":{"line":118,"column":8},"end":{"line":118,"column":3673}},"40":{"start":{"line":120,"column":12},"end":{"line":120,"column":3756}},"41":{"start":{"line":123,"column":16},"end":{"line":123,"column":39}},"42":{"start":{"line":127,"column":8},"end":{"line":127,"column":45}},"43":{"start":{"line":128,"column":8},"end":{"line":128,"column":3967}},"44":{"start":{"line":129,"column":12},"end":{"line":129,"column":40}},"45":{"start":{"line":131,"column":8},"end":{"line":131,"column":27}},"46":{"start":{"line":132,"column":8},"end":{"line":132,"column":23}}},"branchMap":{"1":{"line":31,"type":"if","locations":[{"start":{"line":31,"column":8},"end":{"line":31,"column":8}},{"start":{"line":31,"column":8},"end":{"line":31,"column":8}}]},"2":{"line":55,"type":"if","locations":[{"start":{"line":55,"column":16},"end":{"line":55,"column":16}},{"start":{"line":55,"column":16},"end":{"line":55,"column":16}}]},"3":{"line":56,"type":"if","locations":[{"start":{"line":56,"column":20},"end":{"line":56,"column":20}},{"start":{"line":56,"column":20},"end":{"line":56,"column":20}}]},"4":{"line":66,"type":"if","locations":[{"start":{"line":66,"column":16},"end":{"line":66,"column":16}},{"start":{"line":66,"column":16},"end":{"line":66,"column":16}}]},"5":{"line":68,"type":"if","locations":[{"start":{"line":68,"column":24},"end":{"line":68,"column":24}},{"start":{"line":68,"column":24},"end":{"line":68,"column":24}}]},"6":{"line":80,"type":"if","locations":[{"start":{"line":80,"column":16},"end":{"line":80,"column":16}},{"start":{"line":80,"column":16},"end":{"line":80,"column":16}}]},"7":{"line":120,"type":"if","locations":[{"start":{"line":120,"column":12},"end":{"line":120,"column":12}},{"start":{"line":120,"column":12},"end":{"line":120,"column":12}}]}}},"contracts/utils/EnumerableVotersMap.sol":{"l":{"54":60,"55":60,"64":0,"65":0,"72":6,"79":0,"93":0,"94":0,"105":3,"106":3,"113":210},"path":"/Users/bindernauta/Blockchain/utils/rankanizer-contracts/packages/contracts/contracts/utils/EnumerableVotersMap.sol","s":{"1":60,"2":60,"3":0,"4":6,"5":0,"6":0,"7":0,"8":3,"9":3,"10":210},"b":{"1":[3,0]},"f":{"1":60,"2":0,"3":6,"4":0,"5":0,"6":3,"7":210},"fnMap":{"1":{"name":"set","line":49,"loc":{"start":{"line":49,"column":4},"end":{"line":56,"column":4}}},"2":{"name":"remove","line":63,"loc":{"start":{"line":63,"column":4},"end":{"line":66,"column":4}}},"3":{"name":"contains","line":71,"loc":{"start":{"line":71,"column":4},"end":{"line":73,"column":4}}},"4":{"name":"length","line":78,"loc":{"start":{"line":78,"column":4},"end":{"line":80,"column":4}}},"5":{"name":"at","line":92,"loc":{"start":{"line":92,"column":4},"end":{"line":95,"column":4}}},"6":{"name":"get","line":104,"loc":{"start":{"line":104,"column":4},"end":{"line":107,"column":4}}},"7":{"name":"getUnchecked","line":112,"loc":{"start":{"line":112,"column":4},"end":{"line":114,"column":4}}}},"statementMap":{"1":{"start":{"line":54,"column":8},"end":{"line":54,"column":31}},"2":{"start":{"line":55,"column":8},"end":{"line":55,"column":33}},"3":{"start":{"line":65,"column":8},"end":{"line":65,"column":36}},"4":{"start":{"line":72,"column":8},"end":{"line":72,"column":38}},"5":{"start":{"line":79,"column":8},"end":{"line":79,"column":33}},"6":{"start":{"line":93,"column":8},"end":{"line":93,"column":41}},"7":{"start":{"line":94,"column":8},"end":{"line":94,"column":38}},"8":{"start":{"line":105,"column":8},"end":{"line":105,"column":81}},"9":{"start":{"line":106,"column":8},"end":{"line":106,"column":31}},"10":{"start":{"line":113,"column":8},"end":{"line":113,"column":31}}},"branchMap":{"1":{"line":105,"type":"if","locations":[{"start":{"line":105,"column":8},"end":{"line":105,"column":8}},{"start":{"line":105,"column":8},"end":{"line":105,"column":8}}]}}},"contracts/utils/QuickSort.sol":{"l":{"19":12,"22":12,"23":44,"26":12,"35":24,"36":24,"37":24,"38":24,"39":36,"40":36,"41":36,"42":34,"43":34,"44":34,"47":24,"48":24},"path":"/Users/bindernauta/Blockchain/utils/rankanizer-contracts/packages/contracts/contracts/utils/QuickSort.sol","s":{"1":12,"2":12,"3":44,"4":12,"5":24,"6":24,"7":24,"8":24,"9":36,"10":36,"11":36,"12":34,"13":24,"14":6,"15":24,"16":6},"b":{"1":[12,0],"2":[34,2],"3":[6,18],"4":[6,18]},"f":{"1":12,"2":24},"fnMap":{"1":{"name":"sortRef","line":18,"loc":{"start":{"line":18,"column":4},"end":{"line":27,"column":4}}},"2":{"name":"_quickSortRef","line":29,"loc":{"start":{"line":29,"column":4},"end":{"line":49,"column":4}}}},"statementMap":{"1":{"start":{"line":19,"column":8},"end":{"line":19,"column":81}},"2":{"start":{"line":22,"column":8},"end":{"line":22,"column":608}},"3":{"start":{"line":23,"column":12},"end":{"line":23,"column":21}},"4":{"start":{"line":26,"column":8},"end":{"line":26,"column":67}},"5":{"start":{"line":35,"column":8},"end":{"line":35,"column":23}},"6":{"start":{"line":36,"column":8},"end":{"line":36,"column":24}},"7":{"start":{"line":37,"column":8},"end":{"line":37,"column":68}},"8":{"start":{"line":38,"column":8},"end":{"line":38,"column":1044}},"9":{"start":{"line":39,"column":12},"end":{"line":39,"column":52}},"10":{"start":{"line":40,"column":12},"end":{"line":40,"column":52}},"11":{"start":{"line":41,"column":12},"end":{"line":41,"column":1185}},"12":{"start":{"line":42,"column":16},"end":{"line":42,"column":86}},"13":{"start":{"line":47,"column":8},"end":{"line":47,"column":54}},"14":{"start":{"line":47,"column":22},"end":{"line":47,"column":53}},"15":{"start":{"line":48,"column":8},"end":{"line":48,"column":56}},"16":{"start":{"line":48,"column":23},"end":{"line":48,"column":55}}},"branchMap":{"1":{"line":19,"type":"if","locations":[{"start":{"line":19,"column":8},"end":{"line":19,"column":8}},{"start":{"line":19,"column":8},"end":{"line":19,"column":8}}]},"2":{"line":41,"type":"if","locations":[{"start":{"line":41,"column":12},"end":{"line":41,"column":12}},{"start":{"line":41,"column":12},"end":{"line":41,"column":12}}]},"3":{"line":47,"type":"if","locations":[{"start":{"line":47,"column":8},"end":{"line":47,"column":8}},{"start":{"line":47,"column":8},"end":{"line":47,"column":8}}]},"4":{"line":48,"type":"if","locations":[{"start":{"line":48,"column":8},"end":{"line":48,"column":8}},{"start":{"line":48,"column":8},"end":{"line":48,"column":8}}]}}},"contracts/Votable.sol":{"l":{},"path":"/Users/bindernauta/Blockchain/utils/rankanizer-contracts/packages/contracts/contracts/Votable.sol","s":{},"b":{},"f":{},"fnMap":{},"statementMap":{},"branchMap":{}}}